<?xml version="1.0" encoding="UTF-8"?>
<testsuite name="co.edu.uniquindio.unicine.test.ClienteServicioTest" tests="1" skipped="0" failures="0" errors="0" timestamp="2022-11-21T00:52:51" hostname="DESKTOP-BAAAOP4" time="0.308">
  <properties/>
  <testcase name="listaSillasOcupadasPorSala()" classname="co.edu.uniquindio.unicine.test.ClienteServicioTest" time="0.308"/>
  <system-out><![CDATA[19:52:40.013 [Test worker] DEBUG org.springframework.test.context.BootstrapUtils - Instantiating CacheAwareContextLoaderDelegate from class [org.springframework.test.context.cache.DefaultCacheAwareContextLoaderDelegate]
19:52:40.031 [Test worker] DEBUG org.springframework.test.context.BootstrapUtils - Instantiating BootstrapContext using constructor [public org.springframework.test.context.support.DefaultBootstrapContext(java.lang.Class,org.springframework.test.context.CacheAwareContextLoaderDelegate)]
19:52:40.090 [Test worker] DEBUG org.springframework.test.context.BootstrapUtils - Instantiating TestContextBootstrapper for test class [co.edu.uniquindio.unicine.test.ClienteServicioTest] from class [org.springframework.boot.test.context.SpringBootTestContextBootstrapper]
19:52:40.111 [Test worker] INFO org.springframework.boot.test.context.SpringBootTestContextBootstrapper - Neither @ContextConfiguration nor @ContextHierarchy found for test class [co.edu.uniquindio.unicine.test.ClienteServicioTest], using SpringBootContextLoader
19:52:40.117 [Test worker] DEBUG org.springframework.test.context.support.AbstractContextLoader - Did not detect default resource location for test class [co.edu.uniquindio.unicine.test.ClienteServicioTest]: class path resource [co/edu/uniquindio/unicine/test/ClienteServicioTest-context.xml] does not exist
19:52:40.119 [Test worker] DEBUG org.springframework.test.context.support.AbstractContextLoader - Did not detect default resource location for test class [co.edu.uniquindio.unicine.test.ClienteServicioTest]: class path resource [co/edu/uniquindio/unicine/test/ClienteServicioTestContext.groovy] does not exist
19:52:40.119 [Test worker] INFO org.springframework.test.context.support.AbstractContextLoader - Could not detect default resource locations for test class [co.edu.uniquindio.unicine.test.ClienteServicioTest]: no resource found for suffixes {-context.xml, Context.groovy}.
19:52:40.120 [Test worker] INFO org.springframework.test.context.support.AnnotationConfigContextLoaderUtils - Could not detect default configuration classes for test class [co.edu.uniquindio.unicine.test.ClienteServicioTest]: ClienteServicioTest does not declare any static, non-private, non-final, nested classes annotated with @Configuration.
19:52:40.192 [Test worker] DEBUG org.springframework.test.context.support.ActiveProfilesUtils - Could not find an 'annotation declaring class' for annotation type [org.springframework.test.context.ActiveProfiles] and class [co.edu.uniquindio.unicine.test.ClienteServicioTest]
19:52:40.346 [Test worker] DEBUG org.springframework.context.annotation.ClassPathScanningCandidateComponentProvider - Identified candidate component class: file [C:\IdeaProjects\proyecto\Unicine\unicine\unicine_back\negocio\build\classes\java\main\co\edu\uniquindio\unicine\test\NegocioApplication.class]
19:52:40.348 [Test worker] INFO org.springframework.boot.test.context.SpringBootTestContextBootstrapper - Found @SpringBootConfiguration co.edu.uniquindio.unicine.test.NegocioApplication for test class co.edu.uniquindio.unicine.test.ClienteServicioTest
19:52:40.487 [Test worker] DEBUG org.springframework.boot.test.context.SpringBootTestContextBootstrapper - @TestExecutionListeners is not present for class [co.edu.uniquindio.unicine.test.ClienteServicioTest]: using defaults.
19:52:40.488 [Test worker] INFO org.springframework.boot.test.context.SpringBootTestContextBootstrapper - Loaded default TestExecutionListener class names from location [META-INF/spring.factories]: [org.springframework.boot.test.autoconfigure.restdocs.RestDocsTestExecutionListener, org.springframework.boot.test.autoconfigure.web.client.MockRestServiceServerResetTestExecutionListener, org.springframework.boot.test.autoconfigure.web.servlet.MockMvcPrintOnlyOnFailureTestExecutionListener, org.springframework.boot.test.autoconfigure.web.servlet.WebDriverTestExecutionListener, org.springframework.boot.test.autoconfigure.webservices.client.MockWebServiceServerTestExecutionListener, org.springframework.boot.test.mock.mockito.MockitoTestExecutionListener, org.springframework.boot.test.mock.mockito.ResetMocksTestExecutionListener, org.springframework.test.context.web.ServletTestExecutionListener, org.springframework.test.context.support.DirtiesContextBeforeModesTestExecutionListener, org.springframework.test.context.event.ApplicationEventsTestExecutionListener, org.springframework.test.context.support.DependencyInjectionTestExecutionListener, org.springframework.test.context.support.DirtiesContextTestExecutionListener, org.springframework.test.context.transaction.TransactionalTestExecutionListener, org.springframework.test.context.jdbc.SqlScriptsTestExecutionListener, org.springframework.test.context.event.EventPublishingTestExecutionListener]
19:52:40.514 [Test worker] INFO org.springframework.boot.test.context.SpringBootTestContextBootstrapper - Using TestExecutionListeners: [org.springframework.test.context.web.ServletTestExecutionListener@61019f59, org.springframework.test.context.support.DirtiesContextBeforeModesTestExecutionListener@62e8f862, org.springframework.test.context.event.ApplicationEventsTestExecutionListener@26f3d90c, org.springframework.boot.test.mock.mockito.MockitoTestExecutionListener@3c49fab6, org.springframework.boot.test.autoconfigure.SpringBootDependencyInjectionTestExecutionListener@515f4131, org.springframework.test.context.support.DirtiesContextTestExecutionListener@74518890, org.springframework.test.context.transaction.TransactionalTestExecutionListener@4c5204af, org.springframework.test.context.jdbc.SqlScriptsTestExecutionListener@3f3ddbd9, org.springframework.test.context.event.EventPublishingTestExecutionListener@14c053c6, org.springframework.boot.test.autoconfigure.restdocs.RestDocsTestExecutionListener@6c2d4cc6, org.springframework.boot.test.autoconfigure.web.client.MockRestServiceServerResetTestExecutionListener@30865a90, org.springframework.boot.test.autoconfigure.web.servlet.MockMvcPrintOnlyOnFailureTestExecutionListener@6134ac4a, org.springframework.boot.test.autoconfigure.web.servlet.WebDriverTestExecutionListener@777c9dc9, org.springframework.boot.test.autoconfigure.webservices.client.MockWebServiceServerTestExecutionListener@71b1a49c, org.springframework.boot.test.mock.mockito.ResetMocksTestExecutionListener@73e132e0]
19:52:40.519 [Test worker] DEBUG org.springframework.test.context.support.AbstractDirtiesContextTestExecutionListener - Before test class: context [DefaultTestContext@4d666b41 testClass = ClienteServicioTest, testInstance = [null], testMethod = [null], testException = [null], mergedContextConfiguration = [WebMergedContextConfiguration@6594402a testClass = ClienteServicioTest, locations = '{}', classes = '{class co.edu.uniquindio.unicine.test.NegocioApplication}', contextInitializerClasses = '[]', activeProfiles = '{}', propertySourceLocations = '{}', propertySourceProperties = '{org.springframework.boot.test.context.SpringBootTestContextBootstrapper=true}', contextCustomizers = set[org.springframework.boot.test.autoconfigure.actuate.metrics.MetricsExportContextCustomizerFactory$DisableMetricExportContextCustomizer@3d484181, org.springframework.boot.test.autoconfigure.properties.PropertyMappingContextCustomizer@0, org.springframework.boot.test.autoconfigure.web.servlet.WebDriverContextCustomizerFactory$Customizer@4c37b5b, org.springframework.boot.test.context.filter.ExcludeFilterContextCustomizer@3c435123, org.springframework.boot.test.json.DuplicateJsonObjectContextCustomizerFactory$DuplicateJsonObjectContextCustomizer@78a287ed, org.springframework.boot.test.mock.mockito.MockitoContextCustomizer@0, org.springframework.boot.test.web.client.TestRestTemplateContextCustomizer@3e34ace1, org.springframework.boot.test.context.SpringBootTestArgs@1, org.springframework.boot.test.context.SpringBootTestWebEnvironment@4ea5b703], resourceBasePath = 'src/main/webapp', contextLoader = 'org.springframework.boot.test.context.SpringBootContextLoader', parent = [null]], attributes = map['org.springframework.test.context.web.ServletTestExecutionListener.activateListener' -> true]], class annotated with @DirtiesContext [false] with mode [null].

  .   ____          _            __ _ _
 /\\ / ___'_ __ _ _(_)_ __  __ _ \ \ \ \
( ( )\___ | '_ | '_| | '_ \/ _` | \ \ \ \
 \\/  ___)| |_)| | | | | || (_| |  ) ) ) )
  '  |____| .__|_| |_|_| |_\__, | / / / /
 =========|_|==============|___/=/_/_/_/
 :: Spring Boot ::                (v2.7.3)

2022-11-20 19:52:41.028  INFO 11544 --- [    Test worker] c.e.u.unicine.test.ClienteServicioTest   : Starting ClienteServicioTest using Java 11.0.15.1 on DESKTOP-BAAAOP4 with PID 11544 (started by JUAN JOSE in C:\IdeaProjects\proyecto\Unicine\unicine\unicine_back\negocio)
2022-11-20 19:52:41.031  INFO 11544 --- [    Test worker] c.e.u.unicine.test.ClienteServicioTest   : No active profile set, falling back to 1 default profile: "default"
2022-11-20 19:52:42.356  INFO 11544 --- [    Test worker] .s.d.r.c.RepositoryConfigurationDelegate : Bootstrapping Spring Data JPA repositories in DEFAULT mode.
2022-11-20 19:52:42.592  INFO 11544 --- [    Test worker] .s.d.r.c.RepositoryConfigurationDelegate : Finished Spring Data repository scanning in 221 ms. Found 19 JPA repository interfaces.
2022-11-20 19:52:43.565  INFO 11544 --- [    Test worker] o.hibernate.jpa.internal.util.LogHelper  : HHH000204: Processing PersistenceUnitInfo [name: default]
2022-11-20 19:52:43.691  INFO 11544 --- [    Test worker] org.hibernate.Version                    : HHH000412: Hibernate ORM core version 5.6.10.Final
2022-11-20 19:52:43.987  INFO 11544 --- [    Test worker] o.hibernate.annotations.common.Version   : HCANN000001: Hibernate Commons Annotations {5.1.2.Final}
2022-11-20 19:52:44.186  INFO 11544 --- [    Test worker] com.zaxxer.hikari.HikariDataSource       : HikariPool-1 - Starting...
2022-11-20 19:52:44.771  INFO 11544 --- [    Test worker] com.zaxxer.hikari.HikariDataSource       : HikariPool-1 - Start completed.
2022-11-20 19:52:44.833  INFO 11544 --- [    Test worker] org.hibernate.dialect.Dialect            : HHH000400: Using dialect: org.hibernate.dialect.MySQL8Dialect
2022-11-20 19:52:45.053  WARN 11544 --- [    Test worker] org.hibernate.cfg.AnnotationBinder       : HHH000503: A class should not be annotated with both @Inheritance and @MappedSuperclass. @Inheritance will be ignored for: co.edu.uniquindio.unicine.test.entidades.Persona.
2022-11-20 19:52:46.608  INFO 11544 --- [    Test worker] o.h.e.t.j.p.i.JtaPlatformInitiator       : HHH000490: Using JtaPlatform implementation: [org.hibernate.engine.transaction.jta.platform.internal.NoJtaPlatform]
2022-11-20 19:52:46.632  INFO 11544 --- [    Test worker] j.LocalContainerEntityManagerFactoryBean : Initialized JPA EntityManagerFactory for persistence unit 'default'
2022-11-20 19:52:49.603  INFO 11544 --- [    Test worker] o.s.s.web.DefaultSecurityFilterChain     : Will secure any request with [org.springframework.security.web.session.DisableEncodeUrlFilter@498cf1dc, org.springframework.security.web.context.request.async.WebAsyncManagerIntegrationFilter@b9c8678, org.springframework.security.web.context.SecurityContextPersistenceFilter@146b4c6c, org.springframework.security.web.header.HeaderWriterFilter@5b132063, org.springframework.web.filter.CorsFilter@318beab4, org.springframework.security.web.authentication.logout.LogoutFilter@7ecca48, co.edu.uniquindio.unicine.test.jwt.JwtRequestFilter@7a3ab73a, org.springframework.security.web.authentication.www.BasicAuthenticationFilter@45ea6c24, org.springframework.security.web.savedrequest.RequestCacheAwareFilter@17adbecf, org.springframework.security.web.servletapi.SecurityContextHolderAwareRequestFilter@c4bb119, org.springframework.security.web.authentication.AnonymousAuthenticationFilter@79a88f45, org.springframework.security.web.session.SessionManagementFilter@76e10574, org.springframework.security.web.access.ExceptionTranslationFilter@e763080, org.springframework.security.web.access.intercept.AuthorizationFilter@65130cf2]
2022-11-20 19:52:49.965  WARN 11544 --- [    Test worker] JpaBaseConfiguration$JpaWebConfiguration : spring.jpa.open-in-view is enabled by default. Therefore, database queries may be performed during view rendering. Explicitly configure spring.jpa.open-in-view to disable this warning
2022-11-20 19:52:51.109  INFO 11544 --- [    Test worker] c.e.u.unicine.test.ClienteServicioTest   : Started ClienteServicioTest in 10.539 seconds (JVM running for 12.569)
2022-11-20 19:52:51.189  INFO 11544 --- [    Test worker] o.s.t.c.transaction.TransactionContext   : Began transaction (1) for test context [DefaultTestContext@4d666b41 testClass = ClienteServicioTest, testInstance = co.edu.uniquindio.unicine.test.ClienteServicioTest@5112858c, testMethod = listaSillasOcupadasPorSala@ClienteServicioTest, testException = [null], mergedContextConfiguration = [WebMergedContextConfiguration@6594402a testClass = ClienteServicioTest, locations = '{}', classes = '{class co.edu.uniquindio.unicine.test.NegocioApplication}', contextInitializerClasses = '[]', activeProfiles = '{}', propertySourceLocations = '{}', propertySourceProperties = '{org.springframework.boot.test.context.SpringBootTestContextBootstrapper=true}', contextCustomizers = set[org.springframework.boot.test.autoconfigure.actuate.metrics.MetricsExportContextCustomizerFactory$DisableMetricExportContextCustomizer@3d484181, org.springframework.boot.test.autoconfigure.properties.PropertyMappingContextCustomizer@0, org.springframework.boot.test.autoconfigure.web.servlet.WebDriverContextCustomizerFactory$Customizer@4c37b5b, org.springframework.boot.test.context.filter.ExcludeFilterContextCustomizer@3c435123, org.springframework.boot.test.json.DuplicateJsonObjectContextCustomizerFactory$DuplicateJsonObjectContextCustomizer@78a287ed, org.springframework.boot.test.mock.mockito.MockitoContextCustomizer@0, org.springframework.boot.test.web.client.TestRestTemplateContextCustomizer@3e34ace1, org.springframework.boot.test.context.SpringBootTestArgs@1, org.springframework.boot.test.context.SpringBootTestWebEnvironment@4ea5b703], resourceBasePath = 'src/main/webapp', contextLoader = 'org.springframework.boot.test.context.SpringBootContextLoader', parent = [null]], attributes = map['org.springframework.test.context.web.ServletTestExecutionListener.activateListener' -> true, 'org.springframework.test.context.web.ServletTestExecutionListener.populatedRequestContextHolder' -> true, 'org.springframework.test.context.web.ServletTestExecutionListener.resetRequestContextHolder' -> true, 'org.springframework.test.context.event.ApplicationEventsTestExecutionListener.recordApplicationEvents' -> false]]; transaction manager [org.springframework.orm.jpa.JpaTransactionManager@c32908c]; rollback [true]
Hibernate: select listaentra1_.columna_silla as col_0_0_, listaentra1_.fila_silla as col_1_0_ from compra compra0_ inner join entrada listaentra1_ on compra0_.id_compra=listaentra1_.compra_id_compra inner join funcion_sala funcionsal2_ on compra0_.funcion_sala_id_funcion_sala=funcionsal2_.id_funcion_sala inner join sala sala3_ on funcionsal2_.sala_id_sala=sala3_.id_sala where sala3_.id_sala=?
SillasOcupadasDTO(columna=A, fila=3)
SillasOcupadasDTO(columna=A, fila=4)
SillasOcupadasDTO(columna=D, fila=4)
SillasOcupadasDTO(columna=A, fila=7)
SillasOcupadasDTO(columna=B, fila=4)
2022-11-20 19:52:51.464  INFO 11544 --- [    Test worker] o.s.t.c.transaction.TransactionContext   : Rolled back transaction for test: [DefaultTestContext@4d666b41 testClass = ClienteServicioTest, testInstance = co.edu.uniquindio.unicine.test.ClienteServicioTest@5112858c, testMethod = listaSillasOcupadasPorSala@ClienteServicioTest, testException = [null], mergedContextConfiguration = [WebMergedContextConfiguration@6594402a testClass = ClienteServicioTest, locations = '{}', classes = '{class co.edu.uniquindio.unicine.test.NegocioApplication}', contextInitializerClasses = '[]', activeProfiles = '{}', propertySourceLocations = '{}', propertySourceProperties = '{org.springframework.boot.test.context.SpringBootTestContextBootstrapper=true}', contextCustomizers = set[org.springframework.boot.test.autoconfigure.actuate.metrics.MetricsExportContextCustomizerFactory$DisableMetricExportContextCustomizer@3d484181, org.springframework.boot.test.autoconfigure.properties.PropertyMappingContextCustomizer@0, org.springframework.boot.test.autoconfigure.web.servlet.WebDriverContextCustomizerFactory$Customizer@4c37b5b, org.springframework.boot.test.context.filter.ExcludeFilterContextCustomizer@3c435123, org.springframework.boot.test.json.DuplicateJsonObjectContextCustomizerFactory$DuplicateJsonObjectContextCustomizer@78a287ed, org.springframework.boot.test.mock.mockito.MockitoContextCustomizer@0, org.springframework.boot.test.web.client.TestRestTemplateContextCustomizer@3e34ace1, org.springframework.boot.test.context.SpringBootTestArgs@1, org.springframework.boot.test.context.SpringBootTestWebEnvironment@4ea5b703], resourceBasePath = 'src/main/webapp', contextLoader = 'org.springframework.boot.test.context.SpringBootContextLoader', parent = [null]], attributes = map['org.springframework.test.context.web.ServletTestExecutionListener.activateListener' -> true, 'org.springframework.test.context.web.ServletTestExecutionListener.populatedRequestContextHolder' -> true, 'org.springframework.test.context.web.ServletTestExecutionListener.resetRequestContextHolder' -> true, 'org.springframework.test.context.event.ApplicationEventsTestExecutionListener.recordApplicationEvents' -> false]]
]]></system-out>
  <system-err><![CDATA[]]></system-err>
</testsuite>
